0 info it worked if it ends with ok
1 verbose cli [ 'node', '/usr/local/bin/npm', 'link' ]
2 info using npm@1.3.14
3 info using node@v0.10.22
4 verbose linkPkg /Users/pauldufour/Repositories/gulp-watchify
5 verbose link build target /usr/local/lib/node_modules/gulp-watchify
6 verbose install where,what [ '/Users/pauldufour/Repositories/gulp-watchify', [] ]
7 verbose readDependencies using package.json deps
8 verbose install where, deps [ '/Users/pauldufour/Repositories/gulp-watchify',
8 verbose install   [ 'gulp-util',
8 verbose install     'through2',
8 verbose install     'browserify',
8 verbose install     'watchify',
8 verbose install     'stream-combiner',
8 verbose install     'through',
8 verbose install     'underscore',
8 verbose install     'vinyl-source-stream',
8 verbose install     'clone-stats',
8 verbose install     'vinyl',
8 verbose install     'gulp',
8 verbose install     'chalk',
8 verbose install     'exorcist',
8 verbose install     'coffeeify',
8 verbose install     'reactify',
8 verbose install     'gulp-streamify' ] ]
9 info preinstall gulp-watchify@0.1.3
10 verbose readDependencies using package.json deps
11 verbose already installed skipping browserify@~3.24.11 /Users/pauldufour/Repositories/gulp-watchify
12 verbose already installed skipping gulp-util@~2.2.14 /Users/pauldufour/Repositories/gulp-watchify
13 verbose already installed skipping through2@~0.4.1 /Users/pauldufour/Repositories/gulp-watchify
14 verbose already installed skipping watchify@~0.6.4 /Users/pauldufour/Repositories/gulp-watchify
15 verbose already installed skipping stream-combiner@0.0.4 /Users/pauldufour/Repositories/gulp-watchify
16 verbose already installed skipping through@~2.3.4 /Users/pauldufour/Repositories/gulp-watchify
17 verbose already installed skipping underscore@~1.5.2 /Users/pauldufour/Repositories/gulp-watchify
18 verbose already installed skipping vinyl-source-stream@~0.1.1 /Users/pauldufour/Repositories/gulp-watchify
19 verbose already installed skipping vinyl@~0.2.3 /Users/pauldufour/Repositories/gulp-watchify
20 verbose already installed skipping clone-stats@0.0.1 /Users/pauldufour/Repositories/gulp-watchify
21 verbose already installed skipping gulp@~3.5.2 /Users/pauldufour/Repositories/gulp-watchify
22 verbose already installed skipping chalk@~0.4.0 /Users/pauldufour/Repositories/gulp-watchify
23 verbose already installed skipping exorcist@~0.1.5 /Users/pauldufour/Repositories/gulp-watchify
24 verbose already installed skipping coffeeify@~0.6.0 /Users/pauldufour/Repositories/gulp-watchify
25 verbose already installed skipping gulp-streamify@0.0.4 /Users/pauldufour/Repositories/gulp-watchify
26 verbose already installed skipping reactify@~0.8.1 /Users/pauldufour/Repositories/gulp-watchify
27 silly resolved []
28 info build /Users/pauldufour/Repositories/gulp-watchify
29 verbose linkStuff [ false, false, false, '/Users/pauldufour/Repositories' ]
30 info linkStuff gulp-watchify@0.1.3
31 verbose linkBins gulp-watchify@0.1.3
32 verbose linkMans gulp-watchify@0.1.3
33 verbose rebuildBundles gulp-watchify@0.1.3
34 verbose rebuildBundles [ '.DS_Store',
34 verbose rebuildBundles   '.bin',
34 verbose rebuildBundles   'browserify',
34 verbose rebuildBundles   'browserify-shim',
34 verbose rebuildBundles   'chalk',
34 verbose rebuildBundles   'clone-stats',
34 verbose rebuildBundles   'coffeeify',
34 verbose rebuildBundles   'exorcist',
34 verbose rebuildBundles   'gulp',
34 verbose rebuildBundles   'gulp-streamify',
34 verbose rebuildBundles   'gulp-util',
34 verbose rebuildBundles   'mighty',
34 verbose rebuildBundles   'reactify',
34 verbose rebuildBundles   'stream-combiner',
34 verbose rebuildBundles   'through',
34 verbose rebuildBundles   'through2',
34 verbose rebuildBundles   'underscore',
34 verbose rebuildBundles   'vinyl',
34 verbose rebuildBundles   'vinyl-source-stream',
34 verbose rebuildBundles   'watchify' ]
35 verbose rebuild bundle /Users/pauldufour/Repositories/gulp-watchify/node_modules/browserify-shim
36 info build /Users/pauldufour/Repositories/gulp-watchify/node_modules/browserify-shim
37 info preinstall browserify-shim@3.4.1
38 verbose linkStuff [ false,
38 verbose linkStuff   false,
38 verbose linkStuff   false,
38 verbose linkStuff   '/Users/pauldufour/Repositories/gulp-watchify/node_modules' ]
39 info linkStuff browserify-shim@3.4.1
40 verbose linkBins browserify-shim@3.4.1
41 verbose linkMans browserify-shim@3.4.1
42 verbose rebuildBundles browserify-shim@3.4.1
43 verbose rebuildBundles [ 'exposify', 'mothership', 'rename-function-calls', 'resolve' ]
44 info install browserify-shim@3.4.1
45 info postinstall browserify-shim@3.4.1
46 verbose rebuild bundle /Users/pauldufour/Repositories/gulp-watchify/node_modules/mighty
47 info build /Users/pauldufour/Repositories/gulp-watchify/node_modules/mighty
48 info preinstall mighty@0.1.0
49 verbose linkStuff [ false,
49 verbose linkStuff   false,
49 verbose linkStuff   false,
49 verbose linkStuff   '/Users/pauldufour/Repositories/gulp-watchify/node_modules' ]
50 info linkStuff mighty@0.1.0
51 verbose linkBins mighty@0.1.0
52 verbose linkMans mighty@0.1.0
53 verbose rebuildBundles mighty@0.1.0
54 verbose rebuildBundles [ '.bin',
54 verbose rebuildBundles   'JQDeferred',
54 verbose rebuildBundles   'async',
54 verbose rebuildBundles   'backbone',
54 verbose rebuildBundles   'browser-builtins',
54 verbose rebuildBundles   'browserify',
54 verbose rebuildBundles   'browserify-middleware',
54 verbose rebuildBundles   'chai',
54 verbose rebuildBundles   'coffee-script',
54 verbose rebuildBundles   'coffeedoc',
54 verbose rebuildBundles   'convert-source-map',
54 verbose rebuildBundles   'cookies-js',
54 verbose rebuildBundles   'debug',
54 verbose rebuildBundles   'director',
54 verbose rebuildBundles   'envify',
54 verbose rebuildBundles   'es5-shim',
54 verbose rebuildBundles   'es6-shim',
54 verbose rebuildBundles   'express',
54 verbose rebuildBundles   'express-state',
54 verbose rebuildBundles   'express3-handlebars',
54 verbose rebuildBundles   'formidable',
54 verbose rebuildBundles   'glob',
54 verbose rebuildBundles   'gulp',
54 verbose rebuildBundles   'gulp-browserify',
54 verbose rebuildBundles   'gulp-clean',
54 verbose rebuildBundles   'gulp-coffeedoc',
54 verbose rebuildBundles   'gulp-load-plugins',
54 verbose rebuildBundles   'gulp-react',
54 verbose rebuildBundles   'jquery-deferred',
54 verbose rebuildBundles   'jstransform',
54 verbose rebuildBundles   'methods',
54 verbose rebuildBundles   'mocha',
54 verbose rebuildBundles   'node-haste',
54 verbose rebuildBundles   'node-terminal',
54 verbose rebuildBundles   'optimist',
54 verbose rebuildBundles   'promise',
54 verbose rebuildBundles   'promised-io',
54 verbose rebuildBundles   'q',
54 verbose rebuildBundles   'react',
54 verbose rebuildBundles   'react-tools',
54 verbose rebuildBundles   'reqwest',
54 verbose rebuildBundles   'source-map',
54 verbose rebuildBundles   'superagent',
54 verbose rebuildBundles   'supertest',
54 verbose rebuildBundles   'temp',
54 verbose rebuildBundles   'through',
54 verbose rebuildBundles   'underscore',
54 verbose rebuildBundles   'weakmap' ]
55 verbose rebuild bundle /Users/pauldufour/Repositories/gulp-watchify/node_modules/mighty/node_modules/envify
56 info build /Users/pauldufour/Repositories/gulp-watchify/node_modules/mighty/node_modules/envify
57 info preinstall envify@1.2.0
58 verbose linkStuff [ false,
58 verbose linkStuff   false,
58 verbose linkStuff   false,
58 verbose linkStuff   '/Users/pauldufour/Repositories/gulp-watchify/node_modules/mighty/node_modules' ]
59 info linkStuff envify@1.2.0
60 verbose linkBins envify@1.2.0
61 verbose link bins [ { envify: 'bin/envify' },
61 verbose link bins   '/Users/pauldufour/Repositories/gulp-watchify/node_modules/mighty/node_modules/.bin',
61 verbose link bins   false ]
62 verbose linkMans envify@1.2.0
63 verbose rebuildBundles envify@1.2.0
64 verbose rebuildBundles [ '.bin', 'esprima-fb', 'jstransform', 'xtend' ]
65 error Error: EACCES, unlink '/Users/pauldufour/Repositories/gulp-watchify/node_modules/mighty/node_modules/.bin/envify'
65 error  { [Error: EACCES, unlink '/Users/pauldufour/Repositories/gulp-watchify/node_modules/mighty/node_modules/.bin/envify']
65 error   errno: 3,
65 error   code: 'EACCES',
65 error   path: '/Users/pauldufour/Repositories/gulp-watchify/node_modules/mighty/node_modules/.bin/envify' }
66 error Please try running this command again as root/Administrator.
67 error System Darwin 13.1.0
68 error command "node" "/usr/local/bin/npm" "link"
69 error cwd /Users/pauldufour/Repositories/gulp-watchify
70 error node -v v0.10.22
71 error npm -v 1.3.14
72 error path /Users/pauldufour/Repositories/gulp-watchify/node_modules/mighty/node_modules/.bin/envify
73 error code EACCES
74 error errno 3
75 error stack Error: EACCES, unlink '/Users/pauldufour/Repositories/gulp-watchify/node_modules/mighty/node_modules/.bin/envify'
76 verbose exit [ 3, true ]
